\BOOKMARK [0][-]{chapter.1}{\376\377\000I\000n\000t\000r\000o\000d\000u\000c\000t\000i\000o\000n}{}% 1
\BOOKMARK [1][-]{section.1.1}{\376\377\000T\000r\000a\000i\000n\000i\000n\000g\000\040\000D\000a\000t\000a}{chapter.1}% 2
\BOOKMARK [2][-]{subsection.1.1.1}{\376\377\000C\000o\000n\000d\000i\000t\000i\000o\000n\000\040\000i\000n\000p\000u\000t\000\040\000d\000a\000t\000a}{section.1.1}% 3
\BOOKMARK [2][-]{subsection.1.1.2}{\376\377\000T\000a\000r\000g\000e\000t\000\040\000o\000u\000t\000p\000u\000t\000\040\000d\000a\000t\000a}{section.1.1}% 4
\BOOKMARK [1][-]{section.1.2}{\376\377\000M\000o\000d\000e\000l\000s\000\040\000a\000n\000d\000\040\000t\000e\000s\000t\000s\000\040\000o\000v\000e\000r\000v\000i\000e\000w}{chapter.1}% 5
\BOOKMARK [2][-]{subsection.1.2.1}{\376\377\000C\000G\000A\000N\000\040\000f\000o\000r\000m\000u\000l\000a\000t\000i\000o\000n}{section.1.2}% 6
\BOOKMARK [2][-]{subsection.1.2.2}{\376\377\000W\000a\000s\000s\000e\000r\000s\000t\000e\000i\000n\000\040\000C\000G\000A\000N\000\040\000f\000o\000r\000m\000u\000l\000a\000t\000i\000o\000n}{section.1.2}% 7
\BOOKMARK [2][-]{subsection.1.2.3}{\376\377\000F\000o\000r\000G\000A\000N}{section.1.2}% 8
\BOOKMARK [2][-]{subsection.1.2.4}{\376\377\000T\000h\000e\000\040\000K\000o\000l\000m\000o\000g\000o\000r\000o\000v\000-\000S\000m\000i\000r\000n\000o\000v\000\040\000t\000e\000s\000t}{section.1.2}% 9
\BOOKMARK [0][-]{chapter.2}{\376\377\000E\000x\000p\000e\000r\000i\000m\000e\000n\000t\000a\000l\000\040\000r\000e\000s\000u\000l\000t\000s}{}% 10
\BOOKMARK [1][-]{section.2.1}{\376\377\000M\000e\000a\000n\000\040\000a\000n\000d\000\040\000S\000t\000a\000n\000d\000a\000r\000d\000\040\000D\000e\000v\000i\000a\000t\000i\000o\000n\000\040\000a\000s\000\040\000t\000a\000r\000g\000e\000t}{chapter.2}% 11
\BOOKMARK [1][-]{section.2.2}{\376\377\000B\000i\000n\000s\000\040\000p\000r\000o\000b\000a\000b\000i\000l\000i\000t\000i\000e\000s\000\040\000a\000s\000\040\000t\000a\000r\000g\000e\000t}{chapter.2}% 12
\BOOKMARK [2][-]{subsection.2.2.1}{\376\377\000C\000o\000n\000d\000i\000t\000i\000o\000n\000a\000l\000\040\000G\000A\000N\000\040\000r\000e\000s\000u\000l\000t\000s}{section.2.2}% 13
\BOOKMARK [2][-]{subsection.2.2.2}{\376\377\000C\000o\000n\000d\000i\000t\000i\000o\000n\000a\000l\000\040\000W\000a\000s\000s\000e\000r\000s\000t\000e\000i\000n\000\040\000G\000A\000N\000\040\000r\000e\000s\000u\000l\000t\000s}{section.2.2}% 14
\BOOKMARK [2][-]{subsection.2.2.3}{\376\377\000F\000o\000r\000G\000A\000N\000\040\000r\000e\000s\000u\000l\000t\000s}{section.2.2}% 15
\BOOKMARK [2][-]{subsection.2.2.4}{\376\377\000F\000o\000r\000W\000G\000A\000N\000\040\000r\000e\000s\000u\000l\000t\000s}{section.2.2}% 16
\BOOKMARK [1][-]{section.2.3}{\376\377\000P\000o\000s\000s\000i\000b\000l\000e\000\040\000i\000m\000p\000r\000o\000v\000e\000m\000e\000n\000t\000s}{chapter.2}% 17
\BOOKMARK [0][-]{chapter.3}{\376\377\000M\000o\000n\000t\000e\000c\000a\000r\000l\000o\000\040\000s\000i\000m\000u\000l\000a\000t\000e\000d\000\040\000p\000r\000o\000b\000a\000b\000i\000l\000i\000t\000y\000\040\000d\000i\000s\000t\000r\000i\000b\000u\000t\000i\000o\000n\000\040\000f\000u\000n\000c\000t\000i\000o\000n\000s}{}% 18
\BOOKMARK [1][-]{section.3.1}{\376\377\000C\000G\000A\000N\000\040\000r\000e\000s\000u\000l\000t\000s}{chapter.3}% 19
\BOOKMARK [1][-]{section.3.2}{\376\377\000C\000W\000G\000A\000N\000\040\000r\000e\000s\000u\000l\000t\000s}{chapter.3}% 20
\BOOKMARK [1][-]{section.3.3}{\376\377\000F\000o\000r\000G\000A\000N\000\040\000r\000e\000s\000u\000l\000t\000s}{chapter.3}% 21
\BOOKMARK [1][-]{section.3.4}{\376\377\000F\000o\000r\000W\000G\000A\000N\000\040\000r\000e\000s\000u\000l\000t\000s}{chapter.3}% 22
